\BOOKMARK [0][-]{chapter.1}{\376\377\000A\000c\000t\000i\000v\000i\000t\000y}{}% 1
\BOOKMARK [1][-]{section.1.1}{\376\377\000M\000a\000i\000n\000S\000c\000r\000e\000e\000n\000A\000c\000t\000i\000v\000i\000t\000y}{chapter.1}% 2
\BOOKMARK [1][-]{section.1.2}{\376\377\000S\000i\000n\000g\000l\000e\000F\000r\000a\000g\000m\000e\000n\000t\000A\000c\000t\000i\000v\000i\000t\000y}{chapter.1}% 3
\BOOKMARK [1][-]{section.1.3}{\376\377\000L\000o\000g\000I\000n\000A\000c\000t\000i\000v\000i\000t\000y}{chapter.1}% 4
\BOOKMARK [1][-]{section.1.4}{\376\377\000S\000i\000g\000n\000U\000p\000A\000c\000t\000i\000v\000i\000t\000y}{chapter.1}% 5
\BOOKMARK [1][-]{section.1.5}{\376\377\000A\000d\000d\000C\000o\000n\000t\000a\000c\000t\000A\000c\000t\000i\000v\000i\000t\000y}{chapter.1}% 6
\BOOKMARK [1][-]{section.1.6}{\376\377\000S\000k\000i\000l\000l\000s\000A\000c\000t\000i\000v\000i\000t\000y}{chapter.1}% 7
\BOOKMARK [1][-]{section.1.7}{\376\377\000A\000d\000d\000S\000k\000i\000l\000l\000A\000c\000t\000i\000v\000i\000t\000y}{chapter.1}% 8
\BOOKMARK [1][-]{section.1.8}{\376\377\000J\000o\000b\000s\000A\000c\000t\000i\000v\000i\000t\000y}{chapter.1}% 9
\BOOKMARK [1][-]{section.1.9}{\376\377\000A\000d\000d\000J\000o\000b\000A\000c\000t\000i\000v\000i\000t\000y}{chapter.1}% 10
\BOOKMARK [0][-]{chapter.2}{\376\377\000F\000r\000a\000g\000m\000e\000n\000t\000s}{}% 11
\BOOKMARK [1][-]{section.2.1}{\376\377\000L\000o\000g\000I\000n\000F\000r\000a\000g\000m\000e\000n\000t}{chapter.2}% 12
\BOOKMARK [1][-]{section.2.2}{\376\377\000S\000i\000g\000n\000U\000p\000F\000r\000a\000g\000m\000e\000n\000t}{chapter.2}% 13
\BOOKMARK [1][-]{section.2.3}{\376\377\000P\000r\000o\000f\000i\000l\000e\000F\000r\000a\000g\000m\000e\000n\000t}{chapter.2}% 14
\BOOKMARK [1][-]{section.2.4}{\376\377\000S\000k\000i\000l\000l\000s\000F\000r\000a\000g\000m\000e\000n\000t}{chapter.2}% 15
\BOOKMARK [1][-]{section.2.5}{\376\377\000A\000d\000d\000S\000k\000i\000l\000l\000F\000r\000a\000g\000m\000e\000n\000t}{chapter.2}% 16
\BOOKMARK [1][-]{section.2.6}{\376\377\000J\000o\000b\000s\000F\000r\000a\000g\000m\000e\000n\000t}{chapter.2}% 17
\BOOKMARK [1][-]{section.2.7}{\376\377\000A\000d\000d\000J\000o\000b\000F\000r\000a\000g\000m\000e\000n\000t}{chapter.2}% 18
\BOOKMARK [1][-]{section.2.8}{\376\377\000C\000o\000n\000t\000a\000c\000t\000s\000F\000r\000a\000g\000m\000e\000n\000t}{chapter.2}% 19
\BOOKMARK [1][-]{section.2.9}{\376\377\000A\000d\000d\000C\000o\000n\000t\000a\000c\000t\000F\000r\000a\000g\000m\000e\000n\000t}{chapter.2}% 20
\BOOKMARK [1][-]{section.2.10}{\376\377\000N\000o\000t\000i\000f\000i\000c\000a\000t\000i\000o\000n\000s\000F\000r\000a\000g\000m\000e\000n\000t}{chapter.2}% 21
\BOOKMARK [0][-]{chapter.3}{\376\377\000S\000i\000n\000g\000l\000e\000t\000o\000n\000s}{}% 22
\BOOKMARK [1][-]{section.3.1}{\376\377\000S\000e\000r\000v\000e\000r\000H\000a\000n\000d\000l\000e\000r}{chapter.3}% 23
\BOOKMARK [1][-]{section.3.2}{\376\377\000I\000n\000f\000o\000r\000m\000a\000t\000i\000o\000n\000H\000o\000l\000d\000e\000r}{chapter.3}% 24
\BOOKMARK [0][-]{chapter.4}{\376\377\000A\000d\000a\000p\000t\000e\000r\000s}{}% 25
\BOOKMARK [1][-]{section.4.1}{\376\377\000V\000i\000e\000w\000P\000a\000g\000e\000r\000A\000d\000a\000p\000t\000e\000r}{chapter.4}% 26
\BOOKMARK [1][-]{section.4.2}{\376\377\000S\000k\000i\000l\000l\000s\000A\000d\000a\000p\000t\000e\000r}{chapter.4}% 27
\BOOKMARK [1][-]{section.4.3}{\376\377\000J\000o\000b\000s\000A\000d\000a\000p\000t\000e\000r}{chapter.4}% 28
\BOOKMARK [1][-]{section.4.4}{\376\377\000C\000o\000n\000t\000a\000c\000t\000s\000A\000d\000a\000p\000t\000e\000r}{chapter.4}% 29
\BOOKMARK [1][-]{section.4.5}{\376\377\000N\000o\000t\000i\000f\000i\000c\000a\000t\000i\000o\000n\000A\000d\000a\000p\000t\000e\000r}{chapter.4}% 30
\BOOKMARK [0][-]{chapter.5}{\376\377\000M\000o\000d\000e\000l}{}% 31
\BOOKMARK [1][-]{section.5.1}{\376\377\000U\000s\000e\000r}{chapter.5}% 32
\BOOKMARK [1][-]{section.5.2}{\376\377\000C\000o\000n\000t\000a\000c\000t}{chapter.5}% 33
\BOOKMARK [1][-]{section.5.3}{\376\377\000S\000k\000i\000l\000l}{chapter.5}% 34
\BOOKMARK [1][-]{section.5.4}{\376\377\000J\000o\000b}{chapter.5}% 35
\BOOKMARK [1][-]{section.5.5}{\376\377\000N\000o\000t\000i\000f\000i\000c\000a\000t\000i\000o\000n}{chapter.5}% 36
\BOOKMARK [0][-]{chapter.6}{\376\377\000U\000t\000i\000l\000s}{}% 37
\BOOKMARK [1][-]{section.6.1}{\376\377\000F\000i\000e\000l\000d\000V\000a\000l\000i\000d\000a\000t\000o\000r}{chapter.6}% 38
\BOOKMARK [0][-]{chapter.7}{\376\377\000I\000n\000d\000i\000c\000e\000s\000\040\000a\000n\000d\000\040\000t\000a\000b\000l\000e\000s}{}% 39
